Profit for 0x775C559D9A48cE5a8444C1035C3a8921ab477b8e in transaction 0xac3c3c9cc7b4c0dc5aca0c209831c069ac30c015bc9ead976cf15561aef4acfd: 21.632644 USDC
Profit for 0x775C559D9A48cE5a8444C1035C3a8921ab477b8e in transaction 0x2f62e1bd14943e738d4390081e73acd4fdff08d5181956ac34123baa8056ccbd: 229.11300899999998 USDC
Profit for 0x775C559D9A48cE5a8444C1035C3a8921ab477b8e in transaction 0x6eb4a6344b69fd3fd79447e88a8db7ea088aa4004baccf8e6bc916876e3cd9cd: 0.03332764378732881 WETH
Profit for 0x775C559D9A48cE5a8444C1035C3a8921ab477b8e in transaction 0xc76382c7480a7c0dd66ef83b9b41273cda016aba5e155617a1877442ea761f41: 22.985384 USDC
Profit for 0x775C559D9A48cE5a8444C1035C3a8921ab477b8e in transaction 0x2236824d643e4b9166c6118519d884332ecb2e8baa880c0b9be74c157ebe7cd1: 53.299032999999994 USDC
Profit for 0x775C559D9A48cE5a8444C1035C3a8921ab477b8e in transaction 0xa65257a6522d46b74fb45a051ce94e9494e8f6ecad469339887538746c8e53f7: 30.293402 USDC
Profit for 0x775C559D9A48cE5a8444C1035C3a8921ab477b8e in transaction 0x9fd1b827896bf46563fe54c893ea2790f9d1228f9c83e3662fe12eaf857e2b4c: 38.026875 USDC
Profit for 0x1e156986ebb8DD0DC8676524d1a49EE6FDA76129 in transaction 0x1cf814de53adc4e609eb1a8ba2b9d6072e677825d15cc08122a85392474f7736: 0.2806607158168059 DAI
Profit for 0x775C559D9A48cE5a8444C1035C3a8921ab477b8e in transaction 0x1ee897539da93dcec4360d570737565d9504a23556e45ecc6360bdfffea76518: 0.8516913239162379 WETH
Profit for 0x775C559D9A48cE5a8444C1035C3a8921ab477b8e in transaction 0x986aa2a6b80adb50c94a8b699f3d9e1c9a408de822a2b1676b9de535d8a10253: 0.6467963873961067 WETH
Profit for 0x775C559D9A48cE5a8444C1035C3a8921ab477b8e in transaction 0x0d804a6b700fffc672222906f52552c0708fc167f9935d0819a3b47db841a803: 95.769024 USDC
Profit for 0x775C559D9A48cE5a8444C1035C3a8921ab477b8e in transaction 0x9e9d87ee273ec2c2dfaaf1b36a26ad03a7f4818a42de6f90046d63301a5832d5: 1.0639237054488122 WETH
Profit for 0x775C559D9A48cE5a8444C1035C3a8921ab477b8e in transaction 0x68260736d2ef46a23a7d48f7152f1b99ca93f9692b373e659115f0f2f72f59c2: 1683.104146 USDC
Profit for 0x775C559D9A48cE5a8444C1035C3a8921ab477b8e in transaction 0x400f9c22b08df76265d3fc075c7f2e37de4eda25f0f6da83a81738ea461b1e5e: 1200.879177 USDC
Profit for 0x775C559D9A48cE5a8444C1035C3a8921ab477b8e in transaction 0xf077c2e811e094097bbf1c0dfa2567a36135dc153b57237f3426052b7ec968e3: 2332.287399 USDC
Profit for 0x775C559D9A48cE5a8444C1035C3a8921ab477b8e in transaction 0x77da9ef19a99890f2ec22e6085ca1749f8d2b7a9cb6f52c357ab4cbb653ef331: 3338.955003 USDC
Profit for 0x775C559D9A48cE5a8444C1035C3a8921ab477b8e in transaction 0xea7a57fec226af9b4d68a0029060c965ee493654f3aed4365865fbfbfb2ecc46: 1789.719827 USDC
Profit for 0x775C559D9A48cE5a8444C1035C3a8921ab477b8e in transaction 0xbfcf63ca0b9ebef4fd6255fb898adefb051ae1f801d498579cb4adad84ae2598: 270.753101 USDC
Profit for 0x775C559D9A48cE5a8444C1035C3a8921ab477b8e in transaction 0x03e52d1dc89466d51ee9908e8113d1fe04f8d0b1c0ba1e3a9d4e3c9a41eeec0f: 701.1051918244489 DAI
Profit for 0x775C559D9A48cE5a8444C1035C3a8921ab477b8e in transaction 0x2888e3e6c39a6e76e6cf0a3687d35ac7ac2372ed30fc144065aad2b85327ac73: 602.3564419716319 DAI
Profit for 0x775C559D9A48cE5a8444C1035C3a8921ab477b8e in transaction 0x7c820eddf27fb773e4d686c6af17440d8217a94e4f5bc0a1aced582df7a05be2: 602.3564419716322 DAI
Profit for 0x775C559D9A48cE5a8444C1035C3a8921ab477b8e in transaction 0x7ad0d038210138b3c64b277d40127eca9141089348c7e946afa5454efaaaf50b: 39.348622 USDC
Profit for 0x775C559D9A48cE5a8444C1035C3a8921ab477b8e in transaction 0x3bc0d5247911c811051fd010bbf50dea16acd825ea400b22ab564ec0b0184d49: 123.779693 USDC
Profit for 0x775C559D9A48cE5a8444C1035C3a8921ab477b8e in transaction 0xf0f34d03f4be097434749eb74abeaf3c66188903ce62cd8d401d9a2c48c312a7: 47.59677 USDC
Profit for 0x775C559D9A48cE5a8444C1035C3a8921ab477b8e in transaction 0xba14fc56af778662dc5240ca5212fca05f4e0eba6e60899a3a7671c8f282d2df: 20.280894 USDC
Profit for 0x775C559D9A48cE5a8444C1035C3a8921ab477b8e in transaction 0x704b019cc1252998b101b37fb7f3788c507bb5aafd1bc6b6e9f591fefd37e1fc: 178.066778 USDC
Profit for 0x775C559D9A48cE5a8444C1035C3a8921ab477b8e in transaction 0x45385e3df570d5a30c609e61525efc6fb61e8d7541856e37ab97794d0da5ff9b: 2.4079663498677415 WETH
Profit for 0x0D60F4702B3F097cB89F16BE236e4Cd552099A56 in transaction 0x85e525c01bfc406c1f076197d3df01653c0866a89cb10d4139e479035e4b09f6: 0.4026724489623962 DAI
Profit for 0x775C559D9A48cE5a8444C1035C3a8921ab477b8e in transaction 0x30c37f7633a841a8eca93f71f713cd76f3c1ec5a5ee8c0e7b73a6312d5e699ed: 399.2 USDC
Profit for 0xb5b29320d2Dde5BA5BAFA1EbcD270052070483ec in transaction 0xb95b090c27e8a1ed9623bd6cbe3a2d3b4bcdc8883c5d86edbc82109ec404f0d4: 0.027238377063968543 WETH
Profit for 0x775C559D9A48cE5a8444C1035C3a8921ab477b8e in transaction 0x562feb702a9d43aab4506fd31f4cf64c7cafd227c9e02c1381e9670eae269a27: 0.03836126292968429 WETH
Profit for 0x4D8019b76dB55035775661f826C1A3E42Bc0fF54 in transaction 0x6eac3bc5ef996f839f31f88f8fa7db9dbb9c3e2945479962237dcafc1bec93df: 899.9482197072954 DAI
Profit for 0x775C559D9A48cE5a8444C1035C3a8921ab477b8e in transaction 0x9acdfdf6cd7e2a8d466866ef5e0db1a805e0de2a84f15478c96839255c6113e5: 140.94963099999998 USDC
Profit for 0x775C559D9A48cE5a8444C1035C3a8921ab477b8e in transaction 0x689c436d6fc9dc9838f2825c74ace894b1ce14c82fe900c9d4c105936dfd1e5a: 0.0920668129325999 WETH
Profit for 0x04C85b48ea69F2c2ffEDB6F23B68f8Ba1cF082D5 in transaction 0x96e398642ec1f66219237cebbe1cd77d9ecb1d5ef64573ce9dc391efe27bb8e4: 11.327105999999999 USDC
Profit for 0x33Be3a13383A2e5f4c66366F00B73E88A9792Efb in transaction 0x774c532896454e2f58e5dc7c18f8d4d804bf149eea2cefffb0aaff3bec48571e: 22.097765 USDC
Profit for 0x775C559D9A48cE5a8444C1035C3a8921ab477b8e in transaction 0x83c0a851480ab480fb7189c597893053866eb6888fd9de59899df142fd708cc5: 0.4376135353435658 WETH
Profit for 0xAc917B7fFb3292bdCb6107C4Ee1513AFC222acF4 in transaction 0xc0fda5700bb6762efcc3fd2ae3a43937b7e7752dabcc8f728be72c49620db961: 8.38421855143873 DAI
Profit for 0xEB208f6739E7cd941d7c180c408B091640F9Fcc9 in transaction 0x1db9a641c042625a3d8fcaf62c6cb59f1bc4b5e87bf8e13fe6d65b048a8af548: 0.47934581698222345 DAI
Profit for 0x775C559D9A48cE5a8444C1035C3a8921ab477b8e in transaction 0xcc683d9a701ab33b6206a8766daab1162e24269c804740d2bd9d703eb662ddef: 781.856462 USDC
Profit for 0x775C559D9A48cE5a8444C1035C3a8921ab477b8e in transaction 0x1fcb45992e16065ff91a8b945d11ccb4d78135bf2b5b06276074f56181f8c708: 154.07302099999998 USDC
Profit for 0x775C559D9A48cE5a8444C1035C3a8921ab477b8e in transaction 0x8fff4c188c2319240218573a721d710163edffd7ebe44ce3cd43b41bb4ce8186: 66.647994 USDC
Profit for 0x775C559D9A48cE5a8444C1035C3a8921ab477b8e in transaction 0x2dd12ffa5bb6d35ff9eb2f7f37e756f627acf1758ab248ddf7925ddbbe3211b1: 184.996357 USDC
Profit for 0x775C559D9A48cE5a8444C1035C3a8921ab477b8e in transaction 0xee0ce6386a98051cac7cbeecb89ad301bdb0473d32f0505f97bc96ebb8563720: 1200.089051 USDC
Profit for 0x775C559D9A48cE5a8444C1035C3a8921ab477b8e in transaction 0xc38084bd55adc9cd136e99f5d2f9113ea21c04c2c95a539f4d70c2085ef96da6: 0.06269536369784401 WETH
Profit for 0x775C559D9A48cE5a8444C1035C3a8921ab477b8e in transaction 0x4d882da64dbc747637d8267642c62e62e6fc149cca4049aa89837a3001ae604b: 423.026261 USDC
Profit for 0x775C559D9A48cE5a8444C1035C3a8921ab477b8e in transaction 0xd68d40fabd75858cbf55db57efcca5d91150616b8b685c62e8c47f7fcb772647: 0.04094634411267258 WETH
Profit for 0x775C559D9A48cE5a8444C1035C3a8921ab477b8e in transaction 0x8833432c030093a2c8b98a253e01292775eb61d938eb390927b03779c04febf6: 499.99964 USDC
Profit for 0x775C559D9A48cE5a8444C1035C3a8921ab477b8e in transaction 0x23e87baf9dc80abffec7fe4159b61296824add7d3bac73bea744478191f2c1f9: 0.018076368168004592 WETH
Profit for 0xe9761F280e603EF4cA35B9ec195cdC1ACBFB3965 in transaction 0xc758ac03906f5aecddc59b07561af1143d5241c72d5b7603b9ae5bf8147335f9: 34.30543 USDT
Profit for 0x775C559D9A48cE5a8444C1035C3a8921ab477b8e in transaction 0x7b18d8416c2ac0deae889061375e90c1b0d4c0ea56ae838805adac5c78f406d1: 27.241355 USDC
Profit for 0x775C559D9A48cE5a8444C1035C3a8921ab477b8e in transaction 0x4885fed52b36c4f3dad2c961c2af5fb3993a628bddacfda9a453860fea7fd4a9: 25.107575999999998 USDC
Profit for 0xB569D60DB4f0DA14157147612Fb03120De502E2b in transaction 0x042926564f2b1d9fd360d4e75a6bde89b7bd9c04454bd2c4a460cdba0d9c770e: 0.00034417833384937604 WETH
Profit for 0xB569D60DB4f0DA14157147612Fb03120De502E2b in transaction 0xf0ad10a1eef4fcbbf553560b2ab63e1d9454b109bee5ee1a1795808195548d6c: 0.00032162668309024 WETH
Profit for 0xB569D60DB4f0DA14157147612Fb03120De502E2b in transaction 0x71d5e9497bc2cfd4422a2e9caaa2335317e02c2ea5587e19d1506d0b1a6f52f4: 0.0007875548592713601 WETH
Profit for 0xB569D60DB4f0DA14157147612Fb03120De502E2b in transaction 0x87d837551cc6df42f2893e9267e65fd3d56c4085f716a0610686d6e80bc4dccd: 0.00007927698463030801 WETH
Profit for 0x775C559D9A48cE5a8444C1035C3a8921ab477b8e in transaction 0xd31de6fb1d3313d9261b8ede62e8fe785e3cf4e2b02b7ccf0e9185e57d5963ba: 1.649259181018974 WETH
Profit for 0x775C559D9A48cE5a8444C1035C3a8921ab477b8e in transaction 0x064db5a704be63f0e898d3e5c09c4c147ef640cd3c8202d9fb072cdc0cfe0db1: 0.2068937294333307 WETH
Profit for 0x775C559D9A48cE5a8444C1035C3a8921ab477b8e in transaction 0x2d3d197ff567d279aee5c3f8f72906a543721b7162fea1a1f3d0e5b01c61a3d9: 0.1146754047588939 WETH
Profit for 0x775C559D9A48cE5a8444C1035C3a8921ab477b8e in transaction 0xe9678868c63460172f6a97296a366e8d002cb6d42d64cde12953cdb2f03be760: 0.10743331392330087 WETH
Profit for 0x775C559D9A48cE5a8444C1035C3a8921ab477b8e in transaction 0x240c77ceb6fe0bbc881b4a0cbed61af9adb728a07e9e5e6b96b12871288f091a: 764.615384 USDC
Profit for 0x775C559D9A48cE5a8444C1035C3a8921ab477b8e in transaction 0x1939b0590e650d2fe11464599cc2c56d259c19701aef99d66c893c7ab28eb758: 0.03350279284855187 WETH
Profit for 0x775C559D9A48cE5a8444C1035C3a8921ab477b8e in transaction 0x4a096639ff1351273e31c2cd87e6eadd87f93a5350f3d8f272caa87d2fd3ba97: 0.9174835585184958 WETH
Profit for 0x775C559D9A48cE5a8444C1035C3a8921ab477b8e in transaction 0x04b5f511752c74c26c0e42bda736b24a26fd88ba79bc3bd23e3bdbe059009ce8: 0.17200682761691907 WETH
Profit for 0x775C559D9A48cE5a8444C1035C3a8921ab477b8e in transaction 0xd310ac66b5e8895c749da5d3eb65fa29536f3722685c1fe68d6486a68d52218c: 0.16457502567698862 WETH
Profit for 0x775C559D9A48cE5a8444C1035C3a8921ab477b8e in transaction 0x41d024e4c4cae8d7b596945a8b8c68bb2652588d18d203e7b49d8de432a8dd98: 0.0897444273484818 WETH
Profit for 0x775C559D9A48cE5a8444C1035C3a8921ab477b8e in transaction 0xfb51499a41eb6bb3d965d8eea10813c7e19da583a3533f89055c0174287d56f5: 0.026425327577296404 WETH
Profit for 0x7c28E0977F72c5D08D5e1Ac7D52a34db378282B3 in transaction 0x151cffe2da9354ee86137dac1491f20df46d561982f38a805c814e2e7991524e: 1e-18 LUSD
Profit for 0x775C559D9A48cE5a8444C1035C3a8921ab477b8e in transaction 0xda4dcc4f28ee089b7712ff8290dde701e6c61b38630a9919749c9424936cdf77: 0.05253500916620693 WETH
Profit for 0x775C559D9A48cE5a8444C1035C3a8921ab477b8e in transaction 0x93b60c9ae0154db34d56ebd8e9dd296567d7453bd07f3c13dbac24258c15805a: 0.015913946661933697 WETH
Profit for 0x775C559D9A48cE5a8444C1035C3a8921ab477b8e in transaction 0x7102e2606448cdab8dacda33421a21138b0babafd1aa39d0ff935615d318db54: 0.019535963213363136 WETH
Profit for 0x81c3B160aE5cDAB6F82d16Df027A387aF14E4aEB in transaction 0x70a9033badef09d17f744838d1830880d34296e3b8c927b10e7d98c72e0d36a4: 7.394302937268353 DAI
Profit for 0x81c3B160aE5cDAB6F82d16Df027A387aF14E4aEB in transaction 0x793cab0565708a28afed61c679ff8e2e512d37fb5c7c9c6d4ef80b3ad54eb607: 9.096807 USDC
Profit for 0x775C559D9A48cE5a8444C1035C3a8921ab477b8e in transaction 0xe3384bb37c1505539563e1655b13b72c8d0ab44d8f73fab074e3c85d27763453: 0.06704063142660746 WETH
Profit for 0x81c3B160aE5cDAB6F82d16Df027A387aF14E4aEB in transaction 0xd18d9cc6d7c8931e8f9d4a33c344661c06f0736aa4c65cf03df9c686a3429b45: 31.097509343681512 DAI
Profit for 0x775C559D9A48cE5a8444C1035C3a8921ab477b8e in transaction 0x5c64198e1eee103839ea7de0b0ed15181c656c0d3108fbb736836e2a86bc52a1: 0.0317751418528374 WETH
Profit for 0x775C559D9A48cE5a8444C1035C3a8921ab477b8e in transaction 0x7453de47321115dd3f8778df2adfedaea0ef923e4421ac6674a4711769d17137: 1.9916024429709565 WETH
Profit for 0x775C559D9A48cE5a8444C1035C3a8921ab477b8e in transaction 0x55b8f864884698c08d509d147a7cae0bed9b41defb271a4bf21323b1bc91f0d4: 0.1789501199913789 WETH
Profit for 0x775C559D9A48cE5a8444C1035C3a8921ab477b8e in transaction 0xa11320497b8e1ba99fdd38e655c934df23d83dfb39e3897794b026d3bf16d893: 0.2865288636877174 WETH
Profit for 0x775C559D9A48cE5a8444C1035C3a8921ab477b8e in transaction 0x896b4a0a191e1e43403339ed052a8aa905726bd5190af613748747b21ece3f85: 0.21169472149353283 WETH
Profit for 0x775C559D9A48cE5a8444C1035C3a8921ab477b8e in transaction 0x42b1116237e6dadf53316bd11f67768b408d82bfc1159d4fd1245e6f8fc26392: 0.16629918588958445 WETH
Profit for 0x775C559D9A48cE5a8444C1035C3a8921ab477b8e in transaction 0xa14a5771592fb14907c82ee001328294e2b234fe5c260e688debdd8ddd175390: 0.032313545864873956 WETH
Profit for 0x775C559D9A48cE5a8444C1035C3a8921ab477b8e in transaction 0xa3be0b35f17ac7602b50f641ba8ad99cdc07a70ca122f0f88a58d6d0c89fbe01: 0.019081546077178508 WETH
Profit for 0x775C559D9A48cE5a8444C1035C3a8921ab477b8e in transaction 0x30ca8e25fee37e58254c973018c7453ee0fb604f105fb5abf4f03c393c5b0a0b: 0.006815000000000001 WETH
Profit for 0x59581f0fEb60c6bb5A65cf1412A96938fcB41256 in transaction 0x4e86209920fb6ba303da16eb7a92e1d929d6e0e84b0d9e9a78991cb05c32c5fd: 0.000069990898261478 WETH
Profit for 0x59581f0fEb60c6bb5A65cf1412A96938fcB41256 in transaction 0x07ed30d9b3d39dc681aaa30c230a8e52b9a588b2aa09e7df336597dc75fe2381: 0.00007392647195523001 WETH
Profit for 0x775C559D9A48cE5a8444C1035C3a8921ab477b8e in transaction 0x06aed2256b7b2f807d5e7331459c7f4d314e619fce1feb1a7be0cead4be7a753: 0.05229255601071114 WETH
Profit for 0x81c3B160aE5cDAB6F82d16Df027A387aF14E4aEB in transaction 0x789d3ffcc4565ddee57397a19cc8a119b5975aee8720b7be9c2eab696a6a3611: 11.007819720767763 DAI
Profit for 0x775C559D9A48cE5a8444C1035C3a8921ab477b8e in transaction 0x55c42fbf76dc3a47ad1e882378cc2b7911171ab0cfceff50be09ddc14bb51adf: 0.4390774770642202 WETH
Profit for 0x775C559D9A48cE5a8444C1035C3a8921ab477b8e in transaction 0xbea98fee1617d8e2d8c55e1cf0357e9bd09282ba72f890f99ab630b928b1c13d: 0.10136555750189415 WETH
Profit for 0xCB33467cF8Ea78198ed4872A040e6265f2296039 in transaction 0x0c0c279e19306ae5040b2f68c2b826bfba9e10b00a2085e59fce0e0d778d769e: 0.06972070380194856 DAI
Profit for 0x2fbAd5e1fCE8b26d726A0C0cb3EEd9A22488B768 in transaction 0xb094371fa384b4bc61ab720482b16e8aa382fc508cff17d773b9487e869cb6db: 0.002567452384389688 WETH
Profit for 0x2fbAd5e1fCE8b26d726A0C0cb3EEd9A22488B768 in transaction 0xc5e1e8882c0d03bc8065c94e1cac8d31586b6e4102d16c1298e6c6c517c7a965: 0.004224673317681636 WETH
Profit for 0x2fbAd5e1fCE8b26d726A0C0cb3EEd9A22488B768 in transaction 0x4c4017f2f3b062ce2a5778d5ce391cce0f1caa8e5bd6c5783a01df0cd20baa41: 0.0034405742871073883 WETH
Profit for 0x2fbAd5e1fCE8b26d726A0C0cb3EEd9A22488B768 in transaction 0x64329f0c04c608d2c2809a049c0e0de33e01a1fbf698fc11d592df78e6be6cbc: 0.0009849703308216602 WETH
Profit for 0x81c3B160aE5cDAB6F82d16Df027A387aF14E4aEB in transaction 0x2be211fef61401eb6f1b74b32d67067607a502053bf8a3e957961abf77910e9a: 0.011246829710113912 wstETH
Profit for 0x49228662dE37D705F3341FE9b3fCEb6c4905E2d2 in transaction 0x6e79d30f1884f1d2eb5b83182cba3ecba0e41025d8d9faafdb824cf1d69971ec: 1e-18 DAI
Profit for 0x9C52c485EdD3D22847A1614B8988Fbf520b33047 in transaction 0xbf5b2d22fa88965ddfc6e6d685fc7cfc683340c49e126386759ed9e4027b1415: 9.77300533690969 WETH
Profit for 0x2fbAd5e1fCE8b26d726A0C0cb3EEd9A22488B768 in transaction 0x07d8a865da97781ebb7009e5ba57b165f9606c1a6606626a0df36c4f6d12c8a6: 0.023117325656067295 WETH
Profit for 0x711f142aA7657Cea1529e8aB3B872EAB99923bbc in transaction 0x93c9ce2532c5935228c8e780cb737086aa34000228999591f4173aa7b7e6332f: 0.001700000178294458 WETH
Profit for 0x711f142aA7657Cea1529e8aB3B872EAB99923bbc in transaction 0xe14a8cecd261d4b26bb33dff15f40cf264d25b59997f2b3d418c2d45c4f9bf4f: 0.000024935432993353003 WETH
Profit for 0x41e6Be34360d38f897bbf076E19b9EAdB3Ca2918 in transaction 0xca725ac21a136858261e5bb641829f3a274fc348e24baa1e4d40a33222ca5413: 0.006650000053914687 WETH
Profit for 0x41e6Be34360d38f897bbf076E19b9EAdB3Ca2918 in transaction 0x915ebf2c35fc62f291851ce06e6be03614991e41add2433b3c3197ede7b7dd28: 0.006825457233916769 WETH
Profit for 0x41e6Be34360d38f897bbf076E19b9EAdB3Ca2918 in transaction 0x3dfcd740b9f772c6ef1c726086055ba5523c50cfbb805b00395ccee44f07472b: 0.00841500473979138 WETH
Profit for 0x41e6Be34360d38f897bbf076E19b9EAdB3Ca2918 in transaction 0x57ec07c607097cf3b81a9bf112c0a569ee2c5173c93aa0e89a7f1bc06866f20c: 0.004759638301208497 WETH
Profit for 0x41e6Be34360d38f897bbf076E19b9EAdB3Ca2918 in transaction 0x6eafed82b3bc5a8f7c88818dd95e18552c982452224248bdbe93cabbfc233d2f: 11.35763 USDC
Profit for 0x41e6Be34360d38f897bbf076E19b9EAdB3Ca2918 in transaction 0x2783301eb264e34150deefee8de9c1fec70757af15086256e1bd03c43f0d1616: 11.931196 USDC
Profit for 0x41e6Be34360d38f897bbf076E19b9EAdB3Ca2918 in transaction 0xd2ec6c739149f9c1e3b573bc9b4349f12acb9c65632b5372b22e3d9ac16c915f: 2.6916082400000004e-10 WETH
Profit for 0x41e6Be34360d38f897bbf076E19b9EAdB3Ca2918 in transaction 0x14aaff5e141e0e9f06df2e0e2888e87deee4ddab159eba18e32d05ff7ef0085d: 3.3413322800000004e-10 WETH
Profit for 0x41e6Be34360d38f897bbf076E19b9EAdB3Ca2918 in transaction 0x121253439680b54fe973e679ed3c2d61a23a137454400246e1d1e024de4661c1: 1.4320498400000001e-10 WETH
Profit for 0xce5B78038F65671dA9c8F44488A319ee8D646373 in transaction 0x74bd87070693e4502bda0fae6760a2ba48b5810821383dba4c9c36344080d5f4: 0.005 WETH
Profit for 0x66f13abF06522acDE194c196d6d57CcB54045184 in transaction 0x9f6c9152335d2ce6fd5b68047ac12bd00c2f84e52da60855d912e86cd95069fc: 0.477633 USDT
Profit for 0x2caBa2B3E2FD93F0Ae3aB1Dd6Fb18B38bB204710 in transaction 0x81d1fc26b89a0016d679315b97fa73afc958c8c17107d35a478b4e48bcef73ae: 0.002229989850465447 WETH
Profit for 0x8a07B34736B92D855158404C983F806801B0c2E0 in transaction 0xf8be708705bc0f2cbcdc3f8b018df134473cfbb74219fa461e5f9941da3e1bd9: 0.5891515598375953 DAI
Profit for 0x8a07B34736B92D855158404C983F806801B0c2E0 in transaction 0x266f0d2f26ba44076254e3a144f03f0ff77607732a5b2be1ae8f25440342e56b: 1.893358975925517 DAI
Profit for 0x8a07B34736B92D855158404C983F806801B0c2E0 in transaction 0x9ab597ab2155236142194273e99962e0c316190e31410beea5c17e2d8de0b120: 1.9838453742200597 DAI
Profit for 0x8a07B34736B92D855158404C983F806801B0c2E0 in transaction 0x43b06a4274c6b58ead152a6e83f47c1afcbb0c2908657cb7f5124ac302fcde88: 2.206406272112291 DAI
Profit for 0x9B8B31A8186b8A5E237f75f5CAdB5186297c25dc in transaction 0x4de761a5d6e9179c0e92da15d62883f37ec2f3d1440033890087fd208e840145: 1e-18 DAI
Profit for 0x87582a29368aD2B73d33dD61a33c43dE7505536B in transaction 0x0d2a1be120c02a49642b2217bd819a148711486dae2b6aacb6ec23dd122a64f2: 1e-18 DAI
Profit for 0xAb56e5955965f6fD2F0b0B9E1c7563a9f82aed54 in transaction 0xb62eefde8cc771617e0eda00223bb9ac84a40545befda1e1f28026c37b605bfd: 1e-18 DAI
Profit for 0x4A6DB534D3ad21f5B21a8f1a18E0D05A32867D9A in transaction 0x6d5d97c060ed88f680ce12d6dbd7431c63526619dd49f7ac4be11fed6bc016fa: 1e-18 DAI
Profit for 0xd129D8C12f0e7aA51157D9e6cc3F7Ece2dc84ecD in transaction 0xbeef882d9063544493b03b8a93a6c71f8ab0afda603f7b6836b123a483574184: 9.020604170400001e-8 WETH
Profit for 0xce5B78038F65671dA9c8F44488A319ee8D646373 in transaction 0x277d12ce177209d60a95cfef63ab729fa19c4e134222c291dab050209da2ca27: 0.005 WETH
Profit for 0xd129D8C12f0e7aA51157D9e6cc3F7Ece2dc84ecD in transaction 0xbeefa709663085f70f4696f4cfab9fad163bf8fa8dd6b884d2b3e64cb8df6d53: 1.8147942430100002e-7 WETH
Profit for 0x81c3B160aE5cDAB6F82d16Df027A387aF14E4aEB in transaction 0xb04802012f9543794cfd6eff90e42a7754493678a260374e65045ccd54aabd60: 0.0006808200000000001 WBTC
Profit for 0x046054EFF4644dAd79c85AD68476A484e76CedF4 in transaction 0x2af35edec01496d851e661d337c814a24caa2322295551b2a966890e7bad96ab: 0.44007085450362404 wstETH
Profit for 0x046054EFF4644dAd79c85AD68476A484e76CedF4 in transaction 0x3325887601d24794c44413b71c5c539068b1e66f23bde4ef18e8f6d81679b984: 1.048298676740716 wstETH
Profit for 0x046054EFF4644dAd79c85AD68476A484e76CedF4 in transaction 0xb13882781701e4eba4c6b3b06905a77da3e8f85f518963e510f217e4e1a59bad: 0.5545310129446798 wstETH
Profit for 0x046054EFF4644dAd79c85AD68476A484e76CedF4 in transaction 0x799e048f5e3717d7ae70dcad18710767f0ede2ff5ac0ffb7b85b06cafcc49e54: 0.6742750300373493 wstETH
Profit for 0xd129D8C12f0e7aA51157D9e6cc3F7Ece2dc84ecD in transaction 0xbeef17400f1169830dd016f172d6e7b73e9fa1f72091c07dd6c072d2058838a9: 0.000001135312773453 WETH
Profit for 0x046054EFF4644dAd79c85AD68476A484e76CedF4 in transaction 0xbd811b39543a80e50aa369f37d1c2248f05758a4b140c6dadadf2df23a275855: 0.7885107638068397 wstETH
